[debug] [2022-02-01T18:28:49.717Z] ----------------------------------------------------------------------
[debug] [2022-02-01T18:28:49.719Z] Command:       C:\Program Files\nodejs\node.exe C:\Users\rosen.georgiev\AppData\Roaming\npm\node_modules\firebase-tools\lib\bin\firebase.js emulators:start
[debug] [2022-02-01T18:28:49.720Z] CLI Version:   10.1.0
[debug] [2022-02-01T18:28:49.720Z] Platform:      win32
[debug] [2022-02-01T18:28:49.720Z] Node Version:  v16.13.2
[debug] [2022-02-01T18:28:49.735Z] Time:          Tue Feb 01 2022 20:28:49 GMT+0200 (Eastern European Standard Time)
[debug] [2022-02-01T18:28:49.735Z] ----------------------------------------------------------------------
[debug] 
[debug] [2022-02-01T18:28:49.827Z] > command requires scopes: ["email","openid","https://www.googleapis.com/auth/cloudplatformprojects.readonly","https://www.googleapis.com/auth/firebase","https://www.googleapis.com/auth/cloud-platform"]
[debug] [2022-02-01T18:28:49.829Z] > authorizing via signed-in user (rosengeorgiew1@gmail.com)
[info] i  emulators: Starting emulators: functions, hosting {"metadata":{"emulator":{"name":"hub"},"message":"Starting emulators: functions, hosting"}}
[debug] [2022-02-01T18:28:49.884Z] [hub] writing locator at C:\Users\ROSEN~1.GEO\AppData\Local\Temp\hub-clone-83491.json
[warn] !  functions: The following emulators are not running, calls to these services from the Functions emulator will affect production: auth, firestore, database, pubsub, storage {"metadata":{"emulator":{"name":"functions"},"message":"The following emulators are not running, calls to these services from the Functions emulator will affect production: \u001b[1mauth, firestore, database, pubsub, storage\u001b[22m"}}
[info] +  functions: Using node@16 from host. {"metadata":{"emulator":{"name":"functions"},"message":"Using node@16 from host."}}
[warn] !  Your requested "node" version "16" doesn't match your global version "16" {"metadata":{"emulator":{"name":"functions"},"message":"Your requested \"node\" version \"16\" doesn't match your global version \"16\""}}
[debug] [2022-02-01T18:28:50.024Z] defaultcredentials: writing to file C:\Users\rosen.georgiev\AppData\Roaming\firebase\rosengeorgiew1_gmail_com_application_default_credentials.json
[debug] [2022-02-01T18:28:50.033Z] Setting GAC to C:\Users\rosen.georgiev\AppData\Roaming\firebase\rosengeorgiew1_gmail_com_application_default_credentials.json {"metadata":{"emulator":{"name":"functions"},"message":"Setting GAC to C:\\Users\\rosen.georgiev\\AppData\\Roaming\\firebase\\rosengeorgiew1_gmail_com_application_default_credentials.json"}}
[debug] [2022-02-01T18:28:50.036Z] >>> [apiv2][query] GET https://firebase.googleapis.com/v1beta1/projects/clone-83491/adminSdkConfig [none]
[debug] [2022-02-01T18:28:50.436Z] <<< [apiv2][status] GET https://firebase.googleapis.com/v1beta1/projects/clone-83491/adminSdkConfig 200
[debug] [2022-02-01T18:28:50.436Z] <<< [apiv2][body] GET https://firebase.googleapis.com/v1beta1/projects/clone-83491/adminSdkConfig {"projectId":"clone-83491","storageBucket":"clone-83491.appspot.com"}
[debug] [2022-02-01T18:28:50.712Z] >>> [apiv2][query] GET https://firebasehosting.googleapis.com/v1beta1/projects/clone-83491/sites 
[debug] [2022-02-01T18:28:51.640Z] <<< [apiv2][status] GET https://firebasehosting.googleapis.com/v1beta1/projects/clone-83491/sites 200
[debug] [2022-02-01T18:28:51.642Z] <<< [apiv2][body] GET https://firebasehosting.googleapis.com/v1beta1/projects/clone-83491/sites {"sites":[{"name":"projects/620515295598/sites/clone-83491","defaultUrl":"https://clone-83491.web.app","appId":"1:620515295598:web:a3f33f0c20b776fba2417f","type":"DEFAULT_SITE"}]}
[debug] [2022-02-01T18:28:51.644Z] >>> [apiv2][query] GET https://firebase.googleapis.com/v1beta1/projects/clone-83491/webApps/1:620515295598:web:a3f33f0c20b776fba2417f/config [none]
[debug] [2022-02-01T18:28:52.553Z] <<< [apiv2][status] GET https://firebase.googleapis.com/v1beta1/projects/clone-83491/webApps/1:620515295598:web:a3f33f0c20b776fba2417f/config 200
[debug] [2022-02-01T18:28:52.553Z] <<< [apiv2][body] GET https://firebase.googleapis.com/v1beta1/projects/clone-83491/webApps/1:620515295598:web:a3f33f0c20b776fba2417f/config {"projectId":"clone-83491","appId":"1:620515295598:web:a3f33f0c20b776fba2417f","storageBucket":"clone-83491.appspot.com","apiKey":"AIzaSyDHfWOCmvTszwk8jxnv5lkjkUiFuBZOuOg","authDomain":"clone-83491.firebaseapp.com","messagingSenderId":"620515295598","measurementId":"G-L42GPRFPFG"}
[info] i  hosting: Serving hosting files from: build {"metadata":{"emulator":{"name":"hosting"},"message":"Serving hosting files from: \u001b[1mbuild\u001b[22m"}}
[info] +  hosting: Local server: http://localhost:5000 {"metadata":{"emulator":{"name":"hosting"},"message":"Local server: \u001b[4m\u001b[1mhttp://localhost:5000\u001b[22m\u001b[24m"}}
[info] i  ui: downloading ui-v1.6.4.zip... {"metadata":{"emulator":{"name":"ui"},"message":"downloading ui-v1.6.4.zip..."}}
[debug] [2022-02-01T18:28:52.607Z] >>> [apiv2][query] GET https://storage.googleapis.com/firebase-preview-drop/emulator/ui-v1.6.4.zip 
[debug] [2022-02-01T18:28:52.834Z] <<< [apiv2][status] GET https://storage.googleapis.com/firebase-preview-drop/emulator/ui-v1.6.4.zip 200
[debug] [2022-02-01T18:28:52.834Z] <<< [apiv2][body] GET https://storage.googleapis.com/firebase-preview-drop/emulator/ui-v1.6.4.zip [stream]
[debug] [2022-02-01T18:28:53.843Z] Ignoring unsupported arg: auto_download {"metadata":{"emulator":{"name":"ui"},"message":"Ignoring unsupported arg: auto_download"}}
[debug] [2022-02-01T18:28:53.843Z] Ignoring unsupported arg: port {"metadata":{"emulator":{"name":"ui"},"message":"Ignoring unsupported arg: port"}}
[debug] [2022-02-01T18:28:53.843Z] Starting Emulator UI with command {"binary":"node","args":["C:\\Users\\rosen.georgiev\\.cache\\firebase\\emulators\\ui-v1.6.4\\server.bundle.js"],"optionalArgs":[],"joinArgs":false} {"metadata":{"emulator":{"name":"ui"},"message":"Starting Emulator UI with command {\"binary\":\"node\",\"args\":[\"C:\\\\Users\\\\rosen.georgiev\\\\.cache\\\\firebase\\\\emulators\\\\ui-v1.6.4\\\\server.bundle.js\"],\"optionalArgs\":[],\"joinArgs\":false}"}}
[info] i  ui: Emulator UI logging to ui-debug.log {"metadata":{"emulator":{"name":"ui"},"message":"Emulator UI logging to \u001b[1mui-debug.log\u001b[22m"}}
[debug] [2022-02-01T18:28:54.015Z] Web / API server started at localhost:4000
 {"metadata":{"emulator":{"name":"ui"},"message":"Web / API server started at localhost:4000\n"}}
[info] i  functions: Watching "C:\amazone-clone\functions" for Cloud Functions... {"metadata":{"emulator":{"name":"functions"},"message":"Watching \"C:\\amazone-clone\\functions\" for Cloud Functions..."}}
[debug] [2022-02-01T18:28:54.164Z] [worker-pool] addWorker(~diagnostic~) {"metadata":{"emulator":{"name":"functions"},"message":"[worker-pool] addWorker(~diagnostic~)"}}
[debug] [2022-02-01T18:28:54.164Z] [worker-pool] Adding worker with key ~diagnostic~, total=1 {"metadata":{"emulator":{"name":"functions"},"message":"[worker-pool] Adding worker with key ~diagnostic~, total=1"}}
[debug] [2022-02-01T18:28:54.164Z] [worker-pool] submitWork(triggerId=) {"metadata":{"emulator":{"name":"functions"},"message":"[worker-pool] submitWork(triggerId=)"}}
[debug] [2022-02-01T18:28:54.164Z] [worker-~diagnostic~-d05bd313-3599-408d-987e-b13c26ed2ba2]: Assigning socketPath: \\?\pipe\C:\amazone-clone\functions\3148 {"metadata":{"emulator":{"name":"functions"},"message":"[worker-~diagnostic~-d05bd313-3599-408d-987e-b13c26ed2ba2]: Assigning socketPath: \\\\?\\pipe\\C:\\amazone-clone\\functions\\3148"}}
[debug] [2022-02-01T18:28:54.165Z] [worker-~diagnostic~-d05bd313-3599-408d-987e-b13c26ed2ba2]: BUSY {"metadata":{"emulator":{"name":"functions"},"message":"[worker-~diagnostic~-d05bd313-3599-408d-987e-b13c26ed2ba2]: BUSY"}}
[debug] [2022-02-01T18:28:54.597Z] [runtime-status] [3148] Functions runtime initialized. {"cwd":"C:\\amazone-clone\\functions","node_version":"16.13.2"} {"metadata":{"emulator":{"name":"functions"},"message":"[runtime-status] [3148] Functions runtime initialized. {\"cwd\":\"C:\\\\amazone-clone\\\\functions\",\"node_version\":\"16.13.2\"}"}}
[debug] [2022-02-01T18:28:54.597Z] [runtime-status] [3148] Disabled runtime features: undefined {"metadata":{"emulator":{"name":"functions"},"message":"[runtime-status] [3148] Disabled runtime features: undefined"}}
[debug] [2022-02-01T18:28:54.602Z] [runtime-status] [3148] Resolved module firebase-admin {"declared":true,"installed":true,"version":"9.12.0","resolution":"C:\\amazone-clone\\functions\\node_modules\\firebase-admin\\lib\\index.js"} {"metadata":{"emulator":{"name":"functions"},"message":"[runtime-status] [3148] Resolved module firebase-admin {\"declared\":true,\"installed\":true,\"version\":\"9.12.0\",\"resolution\":\"C:\\\\amazone-clone\\\\functions\\\\node_modules\\\\firebase-admin\\\\lib\\\\index.js\"}"}}
[debug] [2022-02-01T18:28:54.607Z] [runtime-status] [3148] Resolved module firebase-functions {"declared":true,"installed":true,"version":"3.16.0","resolution":"C:\\amazone-clone\\functions\\node_modules\\firebase-functions\\lib\\index.js"} {"metadata":{"emulator":{"name":"functions"},"message":"[runtime-status] [3148] Resolved module firebase-functions {\"declared\":true,\"installed\":true,\"version\":\"3.16.0\",\"resolution\":\"C:\\\\amazone-clone\\\\functions\\\\node_modules\\\\firebase-functions\\\\lib\\\\index.js\"}"}}
[debug] [2022-02-01T18:28:54.610Z] [runtime-status] [3148] Outgoing network have been stubbed. [{"name":"http","status":"mocked"},{"name":"http","status":"mocked"},{"name":"https","status":"mocked"},{"name":"https","status":"mocked"},{"name":"net","status":"mocked"}] {"metadata":{"emulator":{"name":"functions"},"message":"[runtime-status] [3148] Outgoing network have been stubbed. [{\"name\":\"http\",\"status\":\"mocked\"},{\"name\":\"http\",\"status\":\"mocked\"},{\"name\":\"https\",\"status\":\"mocked\"},{\"name\":\"https\",\"status\":\"mocked\"},{\"name\":\"net\",\"status\":\"mocked\"}]"}}
[debug] [2022-02-01T18:28:54.614Z] [runtime-status] [3148] Resolved module firebase-functions {"declared":true,"installed":true,"version":"3.16.0","resolution":"C:\\amazone-clone\\functions\\node_modules\\firebase-functions\\lib\\index.js"} {"metadata":{"emulator":{"name":"functions"},"message":"[runtime-status] [3148] Resolved module firebase-functions {\"declared\":true,\"installed\":true,\"version\":\"3.16.0\",\"resolution\":\"C:\\\\amazone-clone\\\\functions\\\\node_modules\\\\firebase-functions\\\\lib\\\\index.js\"}"}}
[debug] [2022-02-01T18:28:54.714Z] [runtime-status] [3148] Checked functions.config() {"config":{}} {"metadata":{"emulator":{"name":"functions"},"message":"[runtime-status] [3148] Checked functions.config() {\"config\":{}}"}}
[debug] [2022-02-01T18:28:54.714Z] [runtime-status] [3148] firebase-functions has been stubbed. {"functionsResolution":{"declared":true,"installed":true,"version":"3.16.0","resolution":"C:\\amazone-clone\\functions\\node_modules\\firebase-functions\\lib\\index.js"}} {"metadata":{"emulator":{"name":"functions"},"message":"[runtime-status] [3148] firebase-functions has been stubbed. {\"functionsResolution\":{\"declared\":true,\"installed\":true,\"version\":\"3.16.0\",\"resolution\":\"C:\\\\amazone-clone\\\\functions\\\\node_modules\\\\firebase-functions\\\\lib\\\\index.js\"}}"}}
[debug] [2022-02-01T18:28:54.715Z] [runtime-status] [3148] Resolved module firebase-functions {"declared":true,"installed":true,"version":"3.16.0","resolution":"C:\\amazone-clone\\functions\\node_modules\\firebase-functions\\lib\\index.js"} {"metadata":{"emulator":{"name":"functions"},"message":"[runtime-status] [3148] Resolved module firebase-functions {\"declared\":true,\"installed\":true,\"version\":\"3.16.0\",\"resolution\":\"C:\\\\amazone-clone\\\\functions\\\\node_modules\\\\firebase-functions\\\\lib\\\\index.js\"}"}}
[debug] [2022-02-01T18:28:54.718Z] [runtime-status] [3148] Resolved module firebase-admin {"declared":true,"installed":true,"version":"9.12.0","resolution":"C:\\amazone-clone\\functions\\node_modules\\firebase-admin\\lib\\index.js"} {"metadata":{"emulator":{"name":"functions"},"message":"[runtime-status] [3148] Resolved module firebase-admin {\"declared\":true,\"installed\":true,\"version\":\"9.12.0\",\"resolution\":\"C:\\\\amazone-clone\\\\functions\\\\node_modules\\\\firebase-admin\\\\lib\\\\index.js\"}"}}
[debug] [2022-02-01T18:28:54.719Z] [runtime-status] [3148] Resolved module firebase-functions {"declared":true,"installed":true,"version":"3.16.0","resolution":"C:\\amazone-clone\\functions\\node_modules\\firebase-functions\\lib\\index.js"} {"metadata":{"emulator":{"name":"functions"},"message":"[runtime-status] [3148] Resolved module firebase-functions {\"declared\":true,\"installed\":true,\"version\":\"3.16.0\",\"resolution\":\"C:\\\\amazone-clone\\\\functions\\\\node_modules\\\\firebase-functions\\\\lib\\\\index.js\"}"}}
[debug] [2022-02-01T18:28:54.719Z] [runtime-status] [3148] firebase-admin has been stubbed. {"adminResolution":{"declared":true,"installed":true,"version":"9.12.0","resolution":"C:\\amazone-clone\\functions\\node_modules\\firebase-admin\\lib\\index.js"}} {"metadata":{"emulator":{"name":"functions"},"message":"[runtime-status] [3148] firebase-admin has been stubbed. {\"adminResolution\":{\"declared\":true,\"installed\":true,\"version\":\"9.12.0\",\"resolution\":\"C:\\\\amazone-clone\\\\functions\\\\node_modules\\\\firebase-admin\\\\lib\\\\index.js\"}}"}}
[info] 
┌─────────────────────────────────────────────────────────────┐
│ ✔  All emulators ready! It is now safe to connect your app. │
│ i  View Emulator UI at http://localhost:4000                │
└─────────────────────────────────────────────────────────────┘

┌───────────┬────────────────┬─────────────────────────────────┐
│ Emulator  │ Host:Port      │ View in Emulator UI             │
├───────────┼────────────────┼─────────────────────────────────┤
│ Functions │ localhost:5001 │ http://localhost:4000/functions │
├───────────┼────────────────┼─────────────────────────────────┤
│ Hosting   │ localhost:5000 │ n/a                             │
└───────────┴────────────────┴─────────────────────────────────┘
  Emulator Hub running at localhost:4400
  Other reserved ports: 4500

Issues? Report them at https://github.com/firebase/firebase-tools/issues and attach the *-debug.log files.
 
[debug] [2022-02-01T18:28:54.967Z] [worker-~diagnostic~-d05bd313-3599-408d-987e-b13c26ed2ba2]: IDLE {"metadata":{"emulator":{"name":"functions"},"message":"[worker-~diagnostic~-d05bd313-3599-408d-987e-b13c26ed2ba2]: IDLE"}}
[info] i  hosting: 127.0.0.1 - - [01/Feb/2022:18:30:45 +0000] "GET / HTTP/1.1" 200 3034 "-" "Mozilla/5.0 (Windows NT 10.0; Win64; x64) AppleWebKit/537.36 (KHTML, like Gecko) Chrome/97.0.4692.99 Safari/537.36" {"metadata":{"emulator":{"name":"hosting"},"message":"127.0.0.1 - - [01/Feb/2022:18:30:45 +0000] \"GET / HTTP/1.1\" 200 3034 \"-\" \"Mozilla/5.0 (Windows NT 10.0; Win64; x64) AppleWebKit/537.36 (KHTML, like Gecko) Chrome/97.0.4692.99 Safari/537.36\""}}
[info] i  hosting: 127.0.0.1 - - [01/Feb/2022:18:30:45 +0000] "GET /static/css/main.0ee47116.chunk.css HTTP/1.1" 200 4013 "http://localhost:5000/" "Mozilla/5.0 (Windows NT 10.0; Win64; x64) AppleWebKit/537.36 (KHTML, like Gecko) Chrome/97.0.4692.99 Safari/537.36" {"metadata":{"emulator":{"name":"hosting"},"message":"127.0.0.1 - - [01/Feb/2022:18:30:45 +0000] \"GET /static/css/main.0ee47116.chunk.css HTTP/1.1\" 200 4013 \"http://localhost:5000/\" \"Mozilla/5.0 (Windows NT 10.0; Win64; x64) AppleWebKit/537.36 (KHTML, like Gecko) Chrome/97.0.4692.99 Safari/537.36\""}}
[info] i  hosting: 127.0.0.1 - - [01/Feb/2022:18:30:45 +0000] "GET /static/js/main.4b1685a3.chunk.js HTTP/1.1" 200 10396 "http://localhost:5000/" "Mozilla/5.0 (Windows NT 10.0; Win64; x64) AppleWebKit/537.36 (KHTML, like Gecko) Chrome/97.0.4692.99 Safari/537.36" {"metadata":{"emulator":{"name":"hosting"},"message":"127.0.0.1 - - [01/Feb/2022:18:30:45 +0000] \"GET /static/js/main.4b1685a3.chunk.js HTTP/1.1\" 200 10396 \"http://localhost:5000/\" \"Mozilla/5.0 (Windows NT 10.0; Win64; x64) AppleWebKit/537.36 (KHTML, like Gecko) Chrome/97.0.4692.99 Safari/537.36\""}}
[info] i  hosting: 127.0.0.1 - - [01/Feb/2022:18:30:45 +0000] "GET /static/js/2.cbf92a68.chunk.js HTTP/1.1" 200 833530 "http://localhost:5000/" "Mozilla/5.0 (Windows NT 10.0; Win64; x64) AppleWebKit/537.36 (KHTML, like Gecko) Chrome/97.0.4692.99 Safari/537.36" {"metadata":{"emulator":{"name":"hosting"},"message":"127.0.0.1 - - [01/Feb/2022:18:30:45 +0000] \"GET /static/js/2.cbf92a68.chunk.js HTTP/1.1\" 200 833530 \"http://localhost:5000/\" \"Mozilla/5.0 (Windows NT 10.0; Win64; x64) AppleWebKit/537.36 (KHTML, like Gecko) Chrome/97.0.4692.99 Safari/537.36\""}}
[info] i  hosting: 127.0.0.1 - - [01/Feb/2022:18:30:46 +0000] "GET /favicon.ico HTTP/1.1" 200 3870 "http://localhost:5000/" "Mozilla/5.0 (Windows NT 10.0; Win64; x64) AppleWebKit/537.36 (KHTML, like Gecko) Chrome/97.0.4692.99 Safari/537.36" {"metadata":{"emulator":{"name":"hosting"},"message":"127.0.0.1 - - [01/Feb/2022:18:30:46 +0000] \"GET /favicon.ico HTTP/1.1\" 200 3870 \"http://localhost:5000/\" \"Mozilla/5.0 (Windows NT 10.0; Win64; x64) AppleWebKit/537.36 (KHTML, like Gecko) Chrome/97.0.4692.99 Safari/537.36\""}}
[info] i  hosting: 127.0.0.1 - - [01/Feb/2022:18:30:46 +0000] "GET /manifest.json HTTP/1.1" 200 492 "http://localhost:5000/" "Mozilla/5.0 (Windows NT 10.0; Win64; x64) AppleWebKit/537.36 (KHTML, like Gecko) Chrome/97.0.4692.99 Safari/537.36" {"metadata":{"emulator":{"name":"hosting"},"message":"127.0.0.1 - - [01/Feb/2022:18:30:46 +0000] \"GET /manifest.json HTTP/1.1\" 200 492 \"http://localhost:5000/\" \"Mozilla/5.0 (Windows NT 10.0; Win64; x64) AppleWebKit/537.36 (KHTML, like Gecko) Chrome/97.0.4692.99 Safari/537.36\""}}
[info] i  hosting: 127.0.0.1 - - [01/Feb/2022:18:30:46 +0000] "GET /logo192.png HTTP/1.1" 200 5347 "http://localhost:5000/" "Mozilla/5.0 (Windows NT 10.0; Win64; x64) AppleWebKit/537.36 (KHTML, like Gecko) Chrome/97.0.4692.99 Safari/537.36" {"metadata":{"emulator":{"name":"hosting"},"message":"127.0.0.1 - - [01/Feb/2022:18:30:46 +0000] \"GET /logo192.png HTTP/1.1\" 200 5347 \"http://localhost:5000/\" \"Mozilla/5.0 (Windows NT 10.0; Win64; x64) AppleWebKit/537.36 (KHTML, like Gecko) Chrome/97.0.4692.99 Safari/537.36\""}}
[debug] [2022-02-01T18:31:42.026Z] File C:\amazone-clone\functions\index.js changed, reloading triggers {"metadata":{"emulator":{"name":"functions"},"message":"File C:\\amazone-clone\\functions\\index.js changed, reloading triggers"}}
[debug] [2022-02-01T18:31:43.033Z] [worker-pool] Shutting down IDLE worker (~diagnostic~) {"metadata":{"emulator":{"name":"functions"},"message":"[worker-pool] Shutting down IDLE worker (~diagnostic~)"}}
[debug] [2022-02-01T18:31:43.034Z] [worker-~diagnostic~-d05bd313-3599-408d-987e-b13c26ed2ba2]: FINISHING {"metadata":{"emulator":{"name":"functions"},"message":"[worker-~diagnostic~-d05bd313-3599-408d-987e-b13c26ed2ba2]: FINISHING"}}
[debug] [2022-02-01T18:31:43.081Z] [worker-pool] addWorker(~diagnostic~) {"metadata":{"emulator":{"name":"functions"},"message":"[worker-pool] addWorker(~diagnostic~)"}}
[debug] [2022-02-01T18:31:43.081Z] [worker-pool] Adding worker with key ~diagnostic~, total=2 {"metadata":{"emulator":{"name":"functions"},"message":"[worker-pool] Adding worker with key ~diagnostic~, total=2"}}
[debug] [2022-02-01T18:31:43.081Z] [worker-pool] submitWork(triggerId=) {"metadata":{"emulator":{"name":"functions"},"message":"[worker-pool] submitWork(triggerId=)"}}
[debug] [2022-02-01T18:31:43.081Z] [worker-~diagnostic~-1ba77695-ae70-479d-8ab8-1d88b314422a]: Assigning socketPath: \\?\pipe\C:\amazone-clone\functions\6692 {"metadata":{"emulator":{"name":"functions"},"message":"[worker-~diagnostic~-1ba77695-ae70-479d-8ab8-1d88b314422a]: Assigning socketPath: \\\\?\\pipe\\C:\\amazone-clone\\functions\\6692"}}
[debug] [2022-02-01T18:31:43.081Z] [worker-~diagnostic~-1ba77695-ae70-479d-8ab8-1d88b314422a]: BUSY {"metadata":{"emulator":{"name":"functions"},"message":"[worker-~diagnostic~-1ba77695-ae70-479d-8ab8-1d88b314422a]: BUSY"}}
[debug] [2022-02-01T18:31:43.087Z] [worker-~diagnostic~-d05bd313-3599-408d-987e-b13c26ed2ba2]: exited {"metadata":{"emulator":{"name":"functions"},"message":"[worker-~diagnostic~-d05bd313-3599-408d-987e-b13c26ed2ba2]: exited"}}
[debug] [2022-02-01T18:31:43.088Z] [worker-~diagnostic~-d05bd313-3599-408d-987e-b13c26ed2ba2]: FINISHED {"metadata":{"emulator":{"name":"functions"},"message":"[worker-~diagnostic~-d05bd313-3599-408d-987e-b13c26ed2ba2]: FINISHED"}}
[debug] [2022-02-01T18:31:43.374Z] [runtime-status] [6692] Functions runtime initialized. {"cwd":"C:\\amazone-clone\\functions","node_version":"16.13.2"} {"metadata":{"emulator":{"name":"functions"},"message":"[runtime-status] [6692] Functions runtime initialized. {\"cwd\":\"C:\\\\amazone-clone\\\\functions\",\"node_version\":\"16.13.2\"}"}}
[debug] [2022-02-01T18:31:43.375Z] [runtime-status] [6692] Disabled runtime features: undefined {"metadata":{"emulator":{"name":"functions"},"message":"[runtime-status] [6692] Disabled runtime features: undefined"}}
[debug] [2022-02-01T18:31:43.382Z] [runtime-status] [6692] Resolved module firebase-admin {"declared":true,"installed":true,"version":"9.12.0","resolution":"C:\\amazone-clone\\functions\\node_modules\\firebase-admin\\lib\\index.js"} {"metadata":{"emulator":{"name":"functions"},"message":"[runtime-status] [6692] Resolved module firebase-admin {\"declared\":true,\"installed\":true,\"version\":\"9.12.0\",\"resolution\":\"C:\\\\amazone-clone\\\\functions\\\\node_modules\\\\firebase-admin\\\\lib\\\\index.js\"}"}}
[debug] [2022-02-01T18:31:43.388Z] [runtime-status] [6692] Resolved module firebase-functions {"declared":true,"installed":true,"version":"3.16.0","resolution":"C:\\amazone-clone\\functions\\node_modules\\firebase-functions\\lib\\index.js"} {"metadata":{"emulator":{"name":"functions"},"message":"[runtime-status] [6692] Resolved module firebase-functions {\"declared\":true,\"installed\":true,\"version\":\"3.16.0\",\"resolution\":\"C:\\\\amazone-clone\\\\functions\\\\node_modules\\\\firebase-functions\\\\lib\\\\index.js\"}"}}
[debug] [2022-02-01T18:31:43.393Z] [runtime-status] [6692] Outgoing network have been stubbed. [{"name":"http","status":"mocked"},{"name":"http","status":"mocked"},{"name":"https","status":"mocked"},{"name":"https","status":"mocked"},{"name":"net","status":"mocked"}] {"metadata":{"emulator":{"name":"functions"},"message":"[runtime-status] [6692] Outgoing network have been stubbed. [{\"name\":\"http\",\"status\":\"mocked\"},{\"name\":\"http\",\"status\":\"mocked\"},{\"name\":\"https\",\"status\":\"mocked\"},{\"name\":\"https\",\"status\":\"mocked\"},{\"name\":\"net\",\"status\":\"mocked\"}]"}}
[debug] [2022-02-01T18:31:43.397Z] [runtime-status] [6692] Resolved module firebase-functions {"declared":true,"installed":true,"version":"3.16.0","resolution":"C:\\amazone-clone\\functions\\node_modules\\firebase-functions\\lib\\index.js"} {"metadata":{"emulator":{"name":"functions"},"message":"[runtime-status] [6692] Resolved module firebase-functions {\"declared\":true,\"installed\":true,\"version\":\"3.16.0\",\"resolution\":\"C:\\\\amazone-clone\\\\functions\\\\node_modules\\\\firebase-functions\\\\lib\\\\index.js\"}"}}
[debug] [2022-02-01T18:31:43.487Z] [runtime-status] [6692] Checked functions.config() {"config":{}} {"metadata":{"emulator":{"name":"functions"},"message":"[runtime-status] [6692] Checked functions.config() {\"config\":{}}"}}
[debug] [2022-02-01T18:31:43.488Z] [runtime-status] [6692] firebase-functions has been stubbed. {"functionsResolution":{"declared":true,"installed":true,"version":"3.16.0","resolution":"C:\\amazone-clone\\functions\\node_modules\\firebase-functions\\lib\\index.js"}} {"metadata":{"emulator":{"name":"functions"},"message":"[runtime-status] [6692] firebase-functions has been stubbed. {\"functionsResolution\":{\"declared\":true,\"installed\":true,\"version\":\"3.16.0\",\"resolution\":\"C:\\\\amazone-clone\\\\functions\\\\node_modules\\\\firebase-functions\\\\lib\\\\index.js\"}}"}}
[debug] [2022-02-01T18:31:43.489Z] [runtime-status] [6692] Resolved module firebase-functions {"declared":true,"installed":true,"version":"3.16.0","resolution":"C:\\amazone-clone\\functions\\node_modules\\firebase-functions\\lib\\index.js"} {"metadata":{"emulator":{"name":"functions"},"message":"[runtime-status] [6692] Resolved module firebase-functions {\"declared\":true,\"installed\":true,\"version\":\"3.16.0\",\"resolution\":\"C:\\\\amazone-clone\\\\functions\\\\node_modules\\\\firebase-functions\\\\lib\\\\index.js\"}"}}
[debug] [2022-02-01T18:31:43.494Z] [runtime-status] [6692] Resolved module firebase-admin {"declared":true,"installed":true,"version":"9.12.0","resolution":"C:\\amazone-clone\\functions\\node_modules\\firebase-admin\\lib\\index.js"} {"metadata":{"emulator":{"name":"functions"},"message":"[runtime-status] [6692] Resolved module firebase-admin {\"declared\":true,\"installed\":true,\"version\":\"9.12.0\",\"resolution\":\"C:\\\\amazone-clone\\\\functions\\\\node_modules\\\\firebase-admin\\\\lib\\\\index.js\"}"}}
[debug] [2022-02-01T18:31:43.496Z] [runtime-status] [6692] Resolved module firebase-functions {"declared":true,"installed":true,"version":"3.16.0","resolution":"C:\\amazone-clone\\functions\\node_modules\\firebase-functions\\lib\\index.js"} {"metadata":{"emulator":{"name":"functions"},"message":"[runtime-status] [6692] Resolved module firebase-functions {\"declared\":true,\"installed\":true,\"version\":\"3.16.0\",\"resolution\":\"C:\\\\amazone-clone\\\\functions\\\\node_modules\\\\firebase-functions\\\\lib\\\\index.js\"}"}}
[debug] [2022-02-01T18:31:43.497Z] [runtime-status] [6692] firebase-admin has been stubbed. {"adminResolution":{"declared":true,"installed":true,"version":"9.12.0","resolution":"C:\\amazone-clone\\functions\\node_modules\\firebase-admin\\lib\\index.js"}} {"metadata":{"emulator":{"name":"functions"},"message":"[runtime-status] [6692] firebase-admin has been stubbed. {\"adminResolution\":{\"declared\":true,\"installed\":true,\"version\":\"9.12.0\",\"resolution\":\"C:\\\\amazone-clone\\\\functions\\\\node_modules\\\\firebase-admin\\\\lib\\\\index.js\"}}"}}
[info] +  functions[us-central1-api]: http function initialized (http://localhost:5001/clone-83491/us-central1/api). {"metadata":{"emulator":{"name":"functions"},"message":"\u001b[1mhttp\u001b[22m function initialized (http://localhost:5001/clone-83491/us-central1/api)."}}
[debug] [2022-02-01T18:31:43.844Z] [worker-~diagnostic~-1ba77695-ae70-479d-8ab8-1d88b314422a]: IDLE {"metadata":{"emulator":{"name":"functions"},"message":"[worker-~diagnostic~-1ba77695-ae70-479d-8ab8-1d88b314422a]: IDLE"}}
[debug] [2022-02-01T18:31:52.188Z] [work-queue] {"queueLength":1,"workRunningCount":0}
[debug] [2022-02-01T18:31:52.188Z] [work-queue] {"queueLength":0,"workRunningCount":1}
[debug] [2022-02-01T18:31:52.189Z] Accepted request GET /clone-83491/us-central1/api --> us-central1-api
[debug] [2022-02-01T18:31:52.190Z] [worker-pool] Cleaned up workers for ~diagnostic~: 2 --> 1 {"metadata":{"emulator":{"name":"functions"},"message":"[worker-pool] Cleaned up workers for ~diagnostic~: 2 --> 1"}}
[debug] [2022-02-01T18:31:52.218Z] [worker-pool] addWorker(us-central1-api) {"metadata":{"emulator":{"name":"functions"},"message":"[worker-pool] addWorker(us-central1-api)"}}
[debug] [2022-02-01T18:31:52.219Z] [worker-pool] Adding worker with key us-central1-api, total=1 {"metadata":{"emulator":{"name":"functions"},"message":"[worker-pool] Adding worker with key us-central1-api, total=1"}}
[debug] [2022-02-01T18:31:52.219Z] [worker-pool] submitWork(triggerId=us-central1-api) {"metadata":{"emulator":{"name":"functions"},"message":"[worker-pool] submitWork(triggerId=us-central1-api)"}}
[debug] [2022-02-01T18:31:52.219Z] [worker-us-central1-api-915ac6b8-962d-48ff-ab1d-815ca0ff255e]: Assigning socketPath: \\?\pipe\C:\amazone-clone\functions\21800 {"metadata":{"emulator":{"name":"functions"},"message":"[worker-us-central1-api-915ac6b8-962d-48ff-ab1d-815ca0ff255e]: Assigning socketPath: \\\\?\\pipe\\C:\\amazone-clone\\functions\\21800"}}
[debug] [2022-02-01T18:31:52.219Z] [worker-us-central1-api-915ac6b8-962d-48ff-ab1d-815ca0ff255e]: BUSY {"metadata":{"emulator":{"name":"functions"},"message":"[worker-us-central1-api-915ac6b8-962d-48ff-ab1d-815ca0ff255e]: BUSY"}}
[debug] [2022-02-01T18:31:52.586Z] [runtime-status] [21800] Functions runtime initialized. {"cwd":"C:\\amazone-clone\\functions","node_version":"16.13.2"} {"metadata":{"emulator":{"name":"functions"},"function":{"name":"us-central1-api"},"message":"[runtime-status] [21800] Functions runtime initialized. {\"cwd\":\"C:\\\\amazone-clone\\\\functions\",\"node_version\":\"16.13.2\"}"}}
[debug] [2022-02-01T18:31:52.588Z] [runtime-status] [21800] Disabled runtime features: undefined {"metadata":{"emulator":{"name":"functions"},"function":{"name":"us-central1-api"},"message":"[runtime-status] [21800] Disabled runtime features: undefined"}}
[debug] [2022-02-01T18:31:52.595Z] [runtime-status] [21800] Resolved module firebase-admin {"declared":true,"installed":true,"version":"9.12.0","resolution":"C:\\amazone-clone\\functions\\node_modules\\firebase-admin\\lib\\index.js"} {"metadata":{"emulator":{"name":"functions"},"function":{"name":"us-central1-api"},"message":"[runtime-status] [21800] Resolved module firebase-admin {\"declared\":true,\"installed\":true,\"version\":\"9.12.0\",\"resolution\":\"C:\\\\amazone-clone\\\\functions\\\\node_modules\\\\firebase-admin\\\\lib\\\\index.js\"}"}}
[debug] [2022-02-01T18:31:52.601Z] [runtime-status] [21800] Resolved module firebase-functions {"declared":true,"installed":true,"version":"3.16.0","resolution":"C:\\amazone-clone\\functions\\node_modules\\firebase-functions\\lib\\index.js"} {"metadata":{"emulator":{"name":"functions"},"function":{"name":"us-central1-api"},"message":"[runtime-status] [21800] Resolved module firebase-functions {\"declared\":true,\"installed\":true,\"version\":\"3.16.0\",\"resolution\":\"C:\\\\amazone-clone\\\\functions\\\\node_modules\\\\firebase-functions\\\\lib\\\\index.js\"}"}}
[debug] [2022-02-01T18:31:52.604Z] [runtime-status] [21800] Outgoing network have been stubbed. [{"name":"http","status":"mocked"},{"name":"http","status":"mocked"},{"name":"https","status":"mocked"},{"name":"https","status":"mocked"},{"name":"net","status":"mocked"}] {"metadata":{"emulator":{"name":"functions"},"function":{"name":"us-central1-api"},"message":"[runtime-status] [21800] Outgoing network have been stubbed. [{\"name\":\"http\",\"status\":\"mocked\"},{\"name\":\"http\",\"status\":\"mocked\"},{\"name\":\"https\",\"status\":\"mocked\"},{\"name\":\"https\",\"status\":\"mocked\"},{\"name\":\"net\",\"status\":\"mocked\"}]"}}
[debug] [2022-02-01T18:31:52.607Z] [runtime-status] [21800] Resolved module firebase-functions {"declared":true,"installed":true,"version":"3.16.0","resolution":"C:\\amazone-clone\\functions\\node_modules\\firebase-functions\\lib\\index.js"} {"metadata":{"emulator":{"name":"functions"},"function":{"name":"us-central1-api"},"message":"[runtime-status] [21800] Resolved module firebase-functions {\"declared\":true,\"installed\":true,\"version\":\"3.16.0\",\"resolution\":\"C:\\\\amazone-clone\\\\functions\\\\node_modules\\\\firebase-functions\\\\lib\\\\index.js\"}"}}
[debug] [2022-02-01T18:31:52.702Z] [runtime-status] [21800] Checked functions.config() {"config":{}} {"metadata":{"emulator":{"name":"functions"},"function":{"name":"us-central1-api"},"message":"[runtime-status] [21800] Checked functions.config() {\"config\":{}}"}}
[debug] [2022-02-01T18:31:52.703Z] [runtime-status] [21800] firebase-functions has been stubbed. {"functionsResolution":{"declared":true,"installed":true,"version":"3.16.0","resolution":"C:\\amazone-clone\\functions\\node_modules\\firebase-functions\\lib\\index.js"}} {"metadata":{"emulator":{"name":"functions"},"function":{"name":"us-central1-api"},"message":"[runtime-status] [21800] firebase-functions has been stubbed. {\"functionsResolution\":{\"declared\":true,\"installed\":true,\"version\":\"3.16.0\",\"resolution\":\"C:\\\\amazone-clone\\\\functions\\\\node_modules\\\\firebase-functions\\\\lib\\\\index.js\"}}"}}
[debug] [2022-02-01T18:31:52.704Z] [runtime-status] [21800] Resolved module firebase-functions {"declared":true,"installed":true,"version":"3.16.0","resolution":"C:\\amazone-clone\\functions\\node_modules\\firebase-functions\\lib\\index.js"} {"metadata":{"emulator":{"name":"functions"},"function":{"name":"us-central1-api"},"message":"[runtime-status] [21800] Resolved module firebase-functions {\"declared\":true,\"installed\":true,\"version\":\"3.16.0\",\"resolution\":\"C:\\\\amazone-clone\\\\functions\\\\node_modules\\\\firebase-functions\\\\lib\\\\index.js\"}"}}
[debug] [2022-02-01T18:31:52.707Z] [runtime-status] [21800] Resolved module firebase-admin {"declared":true,"installed":true,"version":"9.12.0","resolution":"C:\\amazone-clone\\functions\\node_modules\\firebase-admin\\lib\\index.js"} {"metadata":{"emulator":{"name":"functions"},"function":{"name":"us-central1-api"},"message":"[runtime-status] [21800] Resolved module firebase-admin {\"declared\":true,\"installed\":true,\"version\":\"9.12.0\",\"resolution\":\"C:\\\\amazone-clone\\\\functions\\\\node_modules\\\\firebase-admin\\\\lib\\\\index.js\"}"}}
[debug] [2022-02-01T18:31:52.709Z] [runtime-status] [21800] Resolved module firebase-functions {"declared":true,"installed":true,"version":"3.16.0","resolution":"C:\\amazone-clone\\functions\\node_modules\\firebase-functions\\lib\\index.js"} {"metadata":{"emulator":{"name":"functions"},"function":{"name":"us-central1-api"},"message":"[runtime-status] [21800] Resolved module firebase-functions {\"declared\":true,\"installed\":true,\"version\":\"3.16.0\",\"resolution\":\"C:\\\\amazone-clone\\\\functions\\\\node_modules\\\\firebase-functions\\\\lib\\\\index.js\"}"}}
[debug] [2022-02-01T18:31:52.710Z] [runtime-status] [21800] firebase-admin has been stubbed. {"adminResolution":{"declared":true,"installed":true,"version":"9.12.0","resolution":"C:\\amazone-clone\\functions\\node_modules\\firebase-admin\\lib\\index.js"}} {"metadata":{"emulator":{"name":"functions"},"function":{"name":"us-central1-api"},"message":"[runtime-status] [21800] firebase-admin has been stubbed. {\"adminResolution\":{\"declared\":true,\"installed\":true,\"version\":\"9.12.0\",\"resolution\":\"C:\\\\amazone-clone\\\\functions\\\\node_modules\\\\firebase-admin\\\\lib\\\\index.js\"}}"}}
[debug] [2022-02-01T18:31:53.049Z] [runtime-status] [21800] Trigger "us-central1-api" has been found, beginning invocation! {"metadata":{"emulator":{"name":"functions"},"function":{"name":"us-central1-api"},"message":"[runtime-status] [21800] Trigger \"us-central1-api\" has been found, beginning invocation!"}}
[info] i  functions: Beginning execution of "us-central1-api" {"metadata":{"emulator":{"name":"functions"},"function":{"name":"us-central1-api"},"message":"Beginning execution of \"us-central1-api\""}}
[debug] [2022-02-01T18:31:53.051Z] [runtime-status] [21800] triggerDefinition {"httpsTrigger":{},"name":"api","entryPoint":"api","regions":["us-central1"],"region":"us-central1","id":"us-central1-api","platform":"gcfv1"} {"metadata":{"emulator":{"name":"functions"},"function":{"name":"us-central1-api"},"message":"[runtime-status] [21800] triggerDefinition {\"httpsTrigger\":{},\"name\":\"api\",\"entryPoint\":\"api\",\"regions\":[\"us-central1\"],\"region\":\"us-central1\",\"id\":\"us-central1-api\",\"platform\":\"gcfv1\"}"}}
[debug] [2022-02-01T18:31:53.051Z] [runtime-status] [21800] Running us-central1-api in signature http {"metadata":{"emulator":{"name":"functions"},"function":{"name":"us-central1-api"},"message":"[runtime-status] [21800] Running us-central1-api in signature http"}}
[debug] [2022-02-01T18:31:53.055Z] [runtime-status] [21800] Attempting to listen to socketPath: \\?\pipe\C:\amazone-clone\functions\21800 {"metadata":{"emulator":{"name":"functions"},"function":{"name":"us-central1-api"},"message":"[runtime-status] [21800] Attempting to listen to socketPath: \\\\?\\pipe\\C:\\amazone-clone\\functions\\21800"}}
[debug] [2022-02-01T18:31:53.067Z] [functions] Runtime ready! Sending request! {"metadata":{"emulator":{"name":"functions"},"message":"[functions] Runtime ready! Sending request!"}}
[debug] [2022-02-01T18:31:53.068Z] [functions] Got req.url=/clone-83491/us-central1/api, mapping to path=/ {"metadata":{"emulator":{"name":"functions"},"message":"[functions] Got req.url=/clone-83491/us-central1/api, mapping to path=/"}}
[debug] [2022-02-01T18:31:53.075Z] [runtime-status] [21800] Ephemeral server handling GET request {"metadata":{"emulator":{"name":"functions"},"function":{"name":"us-central1-api"},"message":"[runtime-status] [21800] Ephemeral server handling GET request"}}
[debug] [2022-02-01T18:31:53.086Z] [runtime-status] [21800] Ephemeral server survived. {"metadata":{"emulator":{"name":"functions"},"function":{"name":"us-central1-api"},"message":"[runtime-status] [21800] Ephemeral server survived."}}
[info] i  functions: Finished "us-central1-api" in ~1s {"metadata":{"emulator":{"name":"functions"},"function":{"name":"us-central1-api"},"message":"Finished \"us-central1-api\" in ~1s"}}
[debug] [2022-02-01T18:31:53.092Z] [worker-us-central1-api-915ac6b8-962d-48ff-ab1d-815ca0ff255e]: IDLE {"metadata":{"emulator":{"name":"functions"},"message":"[worker-us-central1-api-915ac6b8-962d-48ff-ab1d-815ca0ff255e]: IDLE"}}
[debug] [2022-02-01T18:31:53.093Z] [work-queue] {"queueLength":0,"workRunningCount":0}
[debug] [2022-02-01T18:31:53.156Z] Functions emulator received unknown request at path /favicon.ico
[debug] [2022-02-01T19:01:22.263Z] File C:\amazone-clone\functions\package-lock.json changed, reloading triggers {"metadata":{"emulator":{"name":"functions"},"message":"File C:\\amazone-clone\\functions\\package-lock.json changed, reloading triggers"}}
[debug] [2022-02-01T19:01:22.290Z] File C:\amazone-clone\functions\package.json changed, reloading triggers {"metadata":{"emulator":{"name":"functions"},"message":"File C:\\amazone-clone\\functions\\package.json changed, reloading triggers"}}
[debug] [2022-02-01T19:01:23.324Z] [worker-pool] Shutting down IDLE worker (~diagnostic~) {"metadata":{"emulator":{"name":"functions"},"message":"[worker-pool] Shutting down IDLE worker (~diagnostic~)"}}
[debug] [2022-02-01T19:01:23.324Z] [worker-~diagnostic~-1ba77695-ae70-479d-8ab8-1d88b314422a]: FINISHING {"metadata":{"emulator":{"name":"functions"},"message":"[worker-~diagnostic~-1ba77695-ae70-479d-8ab8-1d88b314422a]: FINISHING"}}
[debug] [2022-02-01T19:01:23.325Z] [worker-pool] Shutting down IDLE worker (us-central1-api) {"metadata":{"emulator":{"name":"functions"},"message":"[worker-pool] Shutting down IDLE worker (us-central1-api)"}}
[debug] [2022-02-01T19:01:23.325Z] [worker-us-central1-api-915ac6b8-962d-48ff-ab1d-815ca0ff255e]: FINISHING {"metadata":{"emulator":{"name":"functions"},"message":"[worker-us-central1-api-915ac6b8-962d-48ff-ab1d-815ca0ff255e]: FINISHING"}}
[debug] [2022-02-01T19:01:23.440Z] [worker-pool] addWorker(~diagnostic~) {"metadata":{"emulator":{"name":"functions"},"message":"[worker-pool] addWorker(~diagnostic~)"}}
[debug] [2022-02-01T19:01:23.440Z] [worker-pool] Adding worker with key ~diagnostic~, total=2 {"metadata":{"emulator":{"name":"functions"},"message":"[worker-pool] Adding worker with key ~diagnostic~, total=2"}}
[debug] [2022-02-01T19:01:23.440Z] [worker-pool] submitWork(triggerId=) {"metadata":{"emulator":{"name":"functions"},"message":"[worker-pool] submitWork(triggerId=)"}}
[debug] [2022-02-01T19:01:23.440Z] [worker-~diagnostic~-7c1b6413-220f-4bfb-9f3b-f6de66e08cf9]: Assigning socketPath: \\?\pipe\C:\amazone-clone\functions\21128 {"metadata":{"emulator":{"name":"functions"},"message":"[worker-~diagnostic~-7c1b6413-220f-4bfb-9f3b-f6de66e08cf9]: Assigning socketPath: \\\\?\\pipe\\C:\\amazone-clone\\functions\\21128"}}
[debug] [2022-02-01T19:01:23.441Z] [worker-~diagnostic~-7c1b6413-220f-4bfb-9f3b-f6de66e08cf9]: BUSY {"metadata":{"emulator":{"name":"functions"},"message":"[worker-~diagnostic~-7c1b6413-220f-4bfb-9f3b-f6de66e08cf9]: BUSY"}}
[debug] [2022-02-01T19:01:23.442Z] [worker-us-central1-api-915ac6b8-962d-48ff-ab1d-815ca0ff255e]: exited {"metadata":{"emulator":{"name":"functions"},"message":"[worker-us-central1-api-915ac6b8-962d-48ff-ab1d-815ca0ff255e]: exited"}}
[debug] [2022-02-01T19:01:23.442Z] [worker-us-central1-api-915ac6b8-962d-48ff-ab1d-815ca0ff255e]: FINISHED {"metadata":{"emulator":{"name":"functions"},"message":"[worker-us-central1-api-915ac6b8-962d-48ff-ab1d-815ca0ff255e]: FINISHED"}}
[debug] [2022-02-01T19:01:23.443Z] [worker-~diagnostic~-1ba77695-ae70-479d-8ab8-1d88b314422a]: exited {"metadata":{"emulator":{"name":"functions"},"message":"[worker-~diagnostic~-1ba77695-ae70-479d-8ab8-1d88b314422a]: exited"}}
[debug] [2022-02-01T19:01:23.443Z] [worker-~diagnostic~-1ba77695-ae70-479d-8ab8-1d88b314422a]: FINISHED {"metadata":{"emulator":{"name":"functions"},"message":"[worker-~diagnostic~-1ba77695-ae70-479d-8ab8-1d88b314422a]: FINISHED"}}
[debug] [2022-02-01T19:01:24.689Z] [runtime-status] [21128] Functions runtime initialized. {"cwd":"C:\\amazone-clone\\functions","node_version":"16.13.2"} {"metadata":{"emulator":{"name":"functions"},"message":"[runtime-status] [21128] Functions runtime initialized. {\"cwd\":\"C:\\\\amazone-clone\\\\functions\",\"node_version\":\"16.13.2\"}"}}
[debug] [2022-02-01T19:01:24.691Z] [runtime-status] [21128] Disabled runtime features: undefined {"metadata":{"emulator":{"name":"functions"},"message":"[runtime-status] [21128] Disabled runtime features: undefined"}}
[debug] [2022-02-01T19:01:24.697Z] [runtime-status] [21128] Resolved module firebase-admin {"declared":true,"installed":true,"version":"9.12.0","resolution":"C:\\amazone-clone\\functions\\node_modules\\firebase-admin\\lib\\index.js"} {"metadata":{"emulator":{"name":"functions"},"message":"[runtime-status] [21128] Resolved module firebase-admin {\"declared\":true,\"installed\":true,\"version\":\"9.12.0\",\"resolution\":\"C:\\\\amazone-clone\\\\functions\\\\node_modules\\\\firebase-admin\\\\lib\\\\index.js\"}"}}
[debug] [2022-02-01T19:01:24.703Z] [runtime-status] [21128] Resolved module firebase-functions {"declared":true,"installed":true,"version":"3.16.0","resolution":"C:\\amazone-clone\\functions\\node_modules\\firebase-functions\\lib\\index.js"} {"metadata":{"emulator":{"name":"functions"},"message":"[runtime-status] [21128] Resolved module firebase-functions {\"declared\":true,\"installed\":true,\"version\":\"3.16.0\",\"resolution\":\"C:\\\\amazone-clone\\\\functions\\\\node_modules\\\\firebase-functions\\\\lib\\\\index.js\"}"}}
[debug] [2022-02-01T19:01:24.708Z] [runtime-status] [21128] Outgoing network have been stubbed. [{"name":"http","status":"mocked"},{"name":"http","status":"mocked"},{"name":"https","status":"mocked"},{"name":"https","status":"mocked"},{"name":"net","status":"mocked"}] {"metadata":{"emulator":{"name":"functions"},"message":"[runtime-status] [21128] Outgoing network have been stubbed. [{\"name\":\"http\",\"status\":\"mocked\"},{\"name\":\"http\",\"status\":\"mocked\"},{\"name\":\"https\",\"status\":\"mocked\"},{\"name\":\"https\",\"status\":\"mocked\"},{\"name\":\"net\",\"status\":\"mocked\"}]"}}
[debug] [2022-02-01T19:01:24.710Z] [runtime-status] [21128] Resolved module firebase-functions {"declared":true,"installed":true,"version":"3.16.0","resolution":"C:\\amazone-clone\\functions\\node_modules\\firebase-functions\\lib\\index.js"} {"metadata":{"emulator":{"name":"functions"},"message":"[runtime-status] [21128] Resolved module firebase-functions {\"declared\":true,\"installed\":true,\"version\":\"3.16.0\",\"resolution\":\"C:\\\\amazone-clone\\\\functions\\\\node_modules\\\\firebase-functions\\\\lib\\\\index.js\"}"}}
[debug] [2022-02-01T19:01:24.819Z] [runtime-status] [21128] Checked functions.config() {"config":{}} {"metadata":{"emulator":{"name":"functions"},"message":"[runtime-status] [21128] Checked functions.config() {\"config\":{}}"}}
[debug] [2022-02-01T19:01:24.819Z] [runtime-status] [21128] firebase-functions has been stubbed. {"functionsResolution":{"declared":true,"installed":true,"version":"3.16.0","resolution":"C:\\amazone-clone\\functions\\node_modules\\firebase-functions\\lib\\index.js"}} {"metadata":{"emulator":{"name":"functions"},"message":"[runtime-status] [21128] firebase-functions has been stubbed. {\"functionsResolution\":{\"declared\":true,\"installed\":true,\"version\":\"3.16.0\",\"resolution\":\"C:\\\\amazone-clone\\\\functions\\\\node_modules\\\\firebase-functions\\\\lib\\\\index.js\"}}"}}
[debug] [2022-02-01T19:01:24.820Z] [runtime-status] [21128] Resolved module firebase-functions {"declared":true,"installed":true,"version":"3.16.0","resolution":"C:\\amazone-clone\\functions\\node_modules\\firebase-functions\\lib\\index.js"} {"metadata":{"emulator":{"name":"functions"},"message":"[runtime-status] [21128] Resolved module firebase-functions {\"declared\":true,\"installed\":true,\"version\":\"3.16.0\",\"resolution\":\"C:\\\\amazone-clone\\\\functions\\\\node_modules\\\\firebase-functions\\\\lib\\\\index.js\"}"}}
[debug] [2022-02-01T19:01:24.823Z] [runtime-status] [21128] Resolved module firebase-admin {"declared":true,"installed":true,"version":"9.12.0","resolution":"C:\\amazone-clone\\functions\\node_modules\\firebase-admin\\lib\\index.js"} {"metadata":{"emulator":{"name":"functions"},"message":"[runtime-status] [21128] Resolved module firebase-admin {\"declared\":true,\"installed\":true,\"version\":\"9.12.0\",\"resolution\":\"C:\\\\amazone-clone\\\\functions\\\\node_modules\\\\firebase-admin\\\\lib\\\\index.js\"}"}}
[debug] [2022-02-01T19:01:24.825Z] [runtime-status] [21128] Resolved module firebase-functions {"declared":true,"installed":true,"version":"3.16.0","resolution":"C:\\amazone-clone\\functions\\node_modules\\firebase-functions\\lib\\index.js"} {"metadata":{"emulator":{"name":"functions"},"message":"[runtime-status] [21128] Resolved module firebase-functions {\"declared\":true,\"installed\":true,\"version\":\"3.16.0\",\"resolution\":\"C:\\\\amazone-clone\\\\functions\\\\node_modules\\\\firebase-functions\\\\lib\\\\index.js\"}"}}
[debug] [2022-02-01T19:01:24.825Z] [runtime-status] [21128] firebase-admin has been stubbed. {"adminResolution":{"declared":true,"installed":true,"version":"9.12.0","resolution":"C:\\amazone-clone\\functions\\node_modules\\firebase-admin\\lib\\index.js"}} {"metadata":{"emulator":{"name":"functions"},"message":"[runtime-status] [21128] firebase-admin has been stubbed. {\"adminResolution\":{\"declared\":true,\"installed\":true,\"version\":\"9.12.0\",\"resolution\":\"C:\\\\amazone-clone\\\\functions\\\\node_modules\\\\firebase-admin\\\\lib\\\\index.js\"}}"}}
[debug] [2022-02-01T19:01:25.288Z] [worker-~diagnostic~-7c1b6413-220f-4bfb-9f3b-f6de66e08cf9]: IDLE {"metadata":{"emulator":{"name":"functions"},"message":"[worker-~diagnostic~-7c1b6413-220f-4bfb-9f3b-f6de66e08cf9]: IDLE"}}
[debug] [2022-02-01T19:01:38.547Z] File C:\amazone-clone\functions\index.js changed, reloading triggers {"metadata":{"emulator":{"name":"functions"},"message":"File C:\\amazone-clone\\functions\\index.js changed, reloading triggers"}}
[debug] [2022-02-01T19:01:39.559Z] [worker-pool] Shutting down IDLE worker (~diagnostic~) {"metadata":{"emulator":{"name":"functions"},"message":"[worker-pool] Shutting down IDLE worker (~diagnostic~)"}}
[debug] [2022-02-01T19:01:39.560Z] [worker-~diagnostic~-7c1b6413-220f-4bfb-9f3b-f6de66e08cf9]: FINISHING {"metadata":{"emulator":{"name":"functions"},"message":"[worker-~diagnostic~-7c1b6413-220f-4bfb-9f3b-f6de66e08cf9]: FINISHING"}}
[debug] [2022-02-01T19:01:39.562Z] [worker-pool] Cleaned up workers for ~diagnostic~: 2 --> 1 {"metadata":{"emulator":{"name":"functions"},"message":"[worker-pool] Cleaned up workers for ~diagnostic~: 2 --> 1"}}
[debug] [2022-02-01T19:01:39.562Z] [worker-pool] Cleaned up workers for us-central1-api: 1 --> 0 {"metadata":{"emulator":{"name":"functions"},"message":"[worker-pool] Cleaned up workers for us-central1-api: 1 --> 0"}}
[debug] [2022-02-01T19:01:39.587Z] [worker-pool] addWorker(~diagnostic~) {"metadata":{"emulator":{"name":"functions"},"message":"[worker-pool] addWorker(~diagnostic~)"}}
[debug] [2022-02-01T19:01:39.587Z] [worker-pool] Adding worker with key ~diagnostic~, total=2 {"metadata":{"emulator":{"name":"functions"},"message":"[worker-pool] Adding worker with key ~diagnostic~, total=2"}}
[debug] [2022-02-01T19:01:39.587Z] [worker-pool] submitWork(triggerId=) {"metadata":{"emulator":{"name":"functions"},"message":"[worker-pool] submitWork(triggerId=)"}}
[debug] [2022-02-01T19:01:39.588Z] [worker-~diagnostic~-000174f5-b8f4-476b-85e9-9125f219172c]: Assigning socketPath: \\?\pipe\C:\amazone-clone\functions\9312 {"metadata":{"emulator":{"name":"functions"},"message":"[worker-~diagnostic~-000174f5-b8f4-476b-85e9-9125f219172c]: Assigning socketPath: \\\\?\\pipe\\C:\\amazone-clone\\functions\\9312"}}
[debug] [2022-02-01T19:01:39.588Z] [worker-~diagnostic~-000174f5-b8f4-476b-85e9-9125f219172c]: BUSY {"metadata":{"emulator":{"name":"functions"},"message":"[worker-~diagnostic~-000174f5-b8f4-476b-85e9-9125f219172c]: BUSY"}}
[debug] [2022-02-01T19:01:39.588Z] [worker-~diagnostic~-7c1b6413-220f-4bfb-9f3b-f6de66e08cf9]: exited {"metadata":{"emulator":{"name":"functions"},"message":"[worker-~diagnostic~-7c1b6413-220f-4bfb-9f3b-f6de66e08cf9]: exited"}}
[debug] [2022-02-01T19:01:39.588Z] [worker-~diagnostic~-7c1b6413-220f-4bfb-9f3b-f6de66e08cf9]: FINISHED {"metadata":{"emulator":{"name":"functions"},"message":"[worker-~diagnostic~-7c1b6413-220f-4bfb-9f3b-f6de66e08cf9]: FINISHED"}}
[debug] [2022-02-01T19:01:39.849Z] [runtime-status] [9312] Functions runtime initialized. {"cwd":"C:\\amazone-clone\\functions","node_version":"16.13.2"} {"metadata":{"emulator":{"name":"functions"},"message":"[runtime-status] [9312] Functions runtime initialized. {\"cwd\":\"C:\\\\amazone-clone\\\\functions\",\"node_version\":\"16.13.2\"}"}}
[debug] [2022-02-01T19:01:39.850Z] [runtime-status] [9312] Disabled runtime features: undefined {"metadata":{"emulator":{"name":"functions"},"message":"[runtime-status] [9312] Disabled runtime features: undefined"}}
[debug] [2022-02-01T19:01:39.855Z] [runtime-status] [9312] Resolved module firebase-admin {"declared":true,"installed":true,"version":"9.12.0","resolution":"C:\\amazone-clone\\functions\\node_modules\\firebase-admin\\lib\\index.js"} {"metadata":{"emulator":{"name":"functions"},"message":"[runtime-status] [9312] Resolved module firebase-admin {\"declared\":true,\"installed\":true,\"version\":\"9.12.0\",\"resolution\":\"C:\\\\amazone-clone\\\\functions\\\\node_modules\\\\firebase-admin\\\\lib\\\\index.js\"}"}}
[debug] [2022-02-01T19:01:39.859Z] [runtime-status] [9312] Resolved module firebase-functions {"declared":true,"installed":true,"version":"3.16.0","resolution":"C:\\amazone-clone\\functions\\node_modules\\firebase-functions\\lib\\index.js"} {"metadata":{"emulator":{"name":"functions"},"message":"[runtime-status] [9312] Resolved module firebase-functions {\"declared\":true,\"installed\":true,\"version\":\"3.16.0\",\"resolution\":\"C:\\\\amazone-clone\\\\functions\\\\node_modules\\\\firebase-functions\\\\lib\\\\index.js\"}"}}
[debug] [2022-02-01T19:01:39.861Z] [runtime-status] [9312] Outgoing network have been stubbed. [{"name":"http","status":"mocked"},{"name":"http","status":"mocked"},{"name":"https","status":"mocked"},{"name":"https","status":"mocked"},{"name":"net","status":"mocked"}] {"metadata":{"emulator":{"name":"functions"},"message":"[runtime-status] [9312] Outgoing network have been stubbed. [{\"name\":\"http\",\"status\":\"mocked\"},{\"name\":\"http\",\"status\":\"mocked\"},{\"name\":\"https\",\"status\":\"mocked\"},{\"name\":\"https\",\"status\":\"mocked\"},{\"name\":\"net\",\"status\":\"mocked\"}]"}}
[debug] [2022-02-01T19:01:39.864Z] [runtime-status] [9312] Resolved module firebase-functions {"declared":true,"installed":true,"version":"3.16.0","resolution":"C:\\amazone-clone\\functions\\node_modules\\firebase-functions\\lib\\index.js"} {"metadata":{"emulator":{"name":"functions"},"message":"[runtime-status] [9312] Resolved module firebase-functions {\"declared\":true,\"installed\":true,\"version\":\"3.16.0\",\"resolution\":\"C:\\\\amazone-clone\\\\functions\\\\node_modules\\\\firebase-functions\\\\lib\\\\index.js\"}"}}
[debug] [2022-02-01T19:01:39.934Z] [runtime-status] [9312] Checked functions.config() {"config":{}} {"metadata":{"emulator":{"name":"functions"},"message":"[runtime-status] [9312] Checked functions.config() {\"config\":{}}"}}
[debug] [2022-02-01T19:01:39.934Z] [runtime-status] [9312] firebase-functions has been stubbed. {"functionsResolution":{"declared":true,"installed":true,"version":"3.16.0","resolution":"C:\\amazone-clone\\functions\\node_modules\\firebase-functions\\lib\\index.js"}} {"metadata":{"emulator":{"name":"functions"},"message":"[runtime-status] [9312] firebase-functions has been stubbed. {\"functionsResolution\":{\"declared\":true,\"installed\":true,\"version\":\"3.16.0\",\"resolution\":\"C:\\\\amazone-clone\\\\functions\\\\node_modules\\\\firebase-functions\\\\lib\\\\index.js\"}}"}}
[debug] [2022-02-01T19:01:39.935Z] [runtime-status] [9312] Resolved module firebase-functions {"declared":true,"installed":true,"version":"3.16.0","resolution":"C:\\amazone-clone\\functions\\node_modules\\firebase-functions\\lib\\index.js"} {"metadata":{"emulator":{"name":"functions"},"message":"[runtime-status] [9312] Resolved module firebase-functions {\"declared\":true,\"installed\":true,\"version\":\"3.16.0\",\"resolution\":\"C:\\\\amazone-clone\\\\functions\\\\node_modules\\\\firebase-functions\\\\lib\\\\index.js\"}"}}
[debug] [2022-02-01T19:01:39.938Z] [runtime-status] [9312] Resolved module firebase-admin {"declared":true,"installed":true,"version":"9.12.0","resolution":"C:\\amazone-clone\\functions\\node_modules\\firebase-admin\\lib\\index.js"} {"metadata":{"emulator":{"name":"functions"},"message":"[runtime-status] [9312] Resolved module firebase-admin {\"declared\":true,\"installed\":true,\"version\":\"9.12.0\",\"resolution\":\"C:\\\\amazone-clone\\\\functions\\\\node_modules\\\\firebase-admin\\\\lib\\\\index.js\"}"}}
[debug] [2022-02-01T19:01:39.940Z] [runtime-status] [9312] Resolved module firebase-functions {"declared":true,"installed":true,"version":"3.16.0","resolution":"C:\\amazone-clone\\functions\\node_modules\\firebase-functions\\lib\\index.js"} {"metadata":{"emulator":{"name":"functions"},"message":"[runtime-status] [9312] Resolved module firebase-functions {\"declared\":true,\"installed\":true,\"version\":\"3.16.0\",\"resolution\":\"C:\\\\amazone-clone\\\\functions\\\\node_modules\\\\firebase-functions\\\\lib\\\\index.js\"}"}}
[debug] [2022-02-01T19:01:39.940Z] [runtime-status] [9312] firebase-admin has been stubbed. {"adminResolution":{"declared":true,"installed":true,"version":"9.12.0","resolution":"C:\\amazone-clone\\functions\\node_modules\\firebase-admin\\lib\\index.js"}} {"metadata":{"emulator":{"name":"functions"},"message":"[runtime-status] [9312] firebase-admin has been stubbed. {\"adminResolution\":{\"declared\":true,\"installed\":true,\"version\":\"9.12.0\",\"resolution\":\"C:\\\\amazone-clone\\\\functions\\\\node_modules\\\\firebase-admin\\\\lib\\\\index.js\"}}"}}
[debug] [2022-02-01T19:01:40.201Z] [worker-~diagnostic~-000174f5-b8f4-476b-85e9-9125f219172c]: IDLE {"metadata":{"emulator":{"name":"functions"},"message":"[worker-~diagnostic~-000174f5-b8f4-476b-85e9-9125f219172c]: IDLE"}}
[debug] [2022-02-01T19:07:52.231Z] File C:\amazone-clone\functions\package-lock.json changed, reloading triggers {"metadata":{"emulator":{"name":"functions"},"message":"File C:\\amazone-clone\\functions\\package-lock.json changed, reloading triggers"}}
[debug] [2022-02-01T19:07:52.237Z] File C:\amazone-clone\functions\package.json changed, reloading triggers {"metadata":{"emulator":{"name":"functions"},"message":"File C:\\amazone-clone\\functions\\package.json changed, reloading triggers"}}
[debug] [2022-02-01T19:07:53.254Z] [worker-pool] Shutting down IDLE worker (~diagnostic~) {"metadata":{"emulator":{"name":"functions"},"message":"[worker-pool] Shutting down IDLE worker (~diagnostic~)"}}
[debug] [2022-02-01T19:07:53.255Z] [worker-~diagnostic~-000174f5-b8f4-476b-85e9-9125f219172c]: FINISHING {"metadata":{"emulator":{"name":"functions"},"message":"[worker-~diagnostic~-000174f5-b8f4-476b-85e9-9125f219172c]: FINISHING"}}
[debug] [2022-02-01T19:07:53.255Z] [worker-pool] Cleaned up workers for ~diagnostic~: 2 --> 1 {"metadata":{"emulator":{"name":"functions"},"message":"[worker-pool] Cleaned up workers for ~diagnostic~: 2 --> 1"}}
[debug] [2022-02-01T19:07:53.305Z] [worker-pool] addWorker(~diagnostic~) {"metadata":{"emulator":{"name":"functions"},"message":"[worker-pool] addWorker(~diagnostic~)"}}
[debug] [2022-02-01T19:07:53.305Z] [worker-pool] Adding worker with key ~diagnostic~, total=2 {"metadata":{"emulator":{"name":"functions"},"message":"[worker-pool] Adding worker with key ~diagnostic~, total=2"}}
[debug] [2022-02-01T19:07:53.305Z] [worker-pool] submitWork(triggerId=) {"metadata":{"emulator":{"name":"functions"},"message":"[worker-pool] submitWork(triggerId=)"}}
[debug] [2022-02-01T19:07:53.305Z] [worker-~diagnostic~-11f0df4e-0fd1-477b-900f-e14780afa5c9]: Assigning socketPath: \\?\pipe\C:\amazone-clone\functions\15992 {"metadata":{"emulator":{"name":"functions"},"message":"[worker-~diagnostic~-11f0df4e-0fd1-477b-900f-e14780afa5c9]: Assigning socketPath: \\\\?\\pipe\\C:\\amazone-clone\\functions\\15992"}}
[debug] [2022-02-01T19:07:53.306Z] [worker-~diagnostic~-11f0df4e-0fd1-477b-900f-e14780afa5c9]: BUSY {"metadata":{"emulator":{"name":"functions"},"message":"[worker-~diagnostic~-11f0df4e-0fd1-477b-900f-e14780afa5c9]: BUSY"}}
[debug] [2022-02-01T19:07:53.306Z] [worker-~diagnostic~-000174f5-b8f4-476b-85e9-9125f219172c]: exited {"metadata":{"emulator":{"name":"functions"},"message":"[worker-~diagnostic~-000174f5-b8f4-476b-85e9-9125f219172c]: exited"}}
[debug] [2022-02-01T19:07:53.307Z] [worker-~diagnostic~-000174f5-b8f4-476b-85e9-9125f219172c]: FINISHED {"metadata":{"emulator":{"name":"functions"},"message":"[worker-~diagnostic~-000174f5-b8f4-476b-85e9-9125f219172c]: FINISHED"}}
[debug] [2022-02-01T19:07:53.735Z] [runtime-status] [15992] Functions runtime initialized. {"cwd":"C:\\amazone-clone\\functions","node_version":"16.13.2"} {"metadata":{"emulator":{"name":"functions"},"message":"[runtime-status] [15992] Functions runtime initialized. {\"cwd\":\"C:\\\\amazone-clone\\\\functions\",\"node_version\":\"16.13.2\"}"}}
[debug] [2022-02-01T19:07:53.737Z] [runtime-status] [15992] Disabled runtime features: undefined {"metadata":{"emulator":{"name":"functions"},"message":"[runtime-status] [15992] Disabled runtime features: undefined"}}
[debug] [2022-02-01T19:07:53.742Z] [runtime-status] [15992] Resolved module firebase-admin {"declared":true,"installed":true,"version":"9.12.0","resolution":"C:\\amazone-clone\\functions\\node_modules\\firebase-admin\\lib\\index.js"} {"metadata":{"emulator":{"name":"functions"},"message":"[runtime-status] [15992] Resolved module firebase-admin {\"declared\":true,\"installed\":true,\"version\":\"9.12.0\",\"resolution\":\"C:\\\\amazone-clone\\\\functions\\\\node_modules\\\\firebase-admin\\\\lib\\\\index.js\"}"}}
[debug] [2022-02-01T19:07:53.746Z] [runtime-status] [15992] Resolved module firebase-functions {"declared":true,"installed":true,"version":"3.16.0","resolution":"C:\\amazone-clone\\functions\\node_modules\\firebase-functions\\lib\\index.js"} {"metadata":{"emulator":{"name":"functions"},"message":"[runtime-status] [15992] Resolved module firebase-functions {\"declared\":true,\"installed\":true,\"version\":\"3.16.0\",\"resolution\":\"C:\\\\amazone-clone\\\\functions\\\\node_modules\\\\firebase-functions\\\\lib\\\\index.js\"}"}}
[debug] [2022-02-01T19:07:53.749Z] [runtime-status] [15992] Outgoing network have been stubbed. [{"name":"http","status":"mocked"},{"name":"http","status":"mocked"},{"name":"https","status":"mocked"},{"name":"https","status":"mocked"},{"name":"net","status":"mocked"}] {"metadata":{"emulator":{"name":"functions"},"message":"[runtime-status] [15992] Outgoing network have been stubbed. [{\"name\":\"http\",\"status\":\"mocked\"},{\"name\":\"http\",\"status\":\"mocked\"},{\"name\":\"https\",\"status\":\"mocked\"},{\"name\":\"https\",\"status\":\"mocked\"},{\"name\":\"net\",\"status\":\"mocked\"}]"}}
[debug] [2022-02-01T19:07:53.750Z] [runtime-status] [15992] Resolved module firebase-functions {"declared":true,"installed":true,"version":"3.16.0","resolution":"C:\\amazone-clone\\functions\\node_modules\\firebase-functions\\lib\\index.js"} {"metadata":{"emulator":{"name":"functions"},"message":"[runtime-status] [15992] Resolved module firebase-functions {\"declared\":true,\"installed\":true,\"version\":\"3.16.0\",\"resolution\":\"C:\\\\amazone-clone\\\\functions\\\\node_modules\\\\firebase-functions\\\\lib\\\\index.js\"}"}}
[debug] [2022-02-01T19:07:53.825Z] [runtime-status] [15992] Checked functions.config() {"config":{}} {"metadata":{"emulator":{"name":"functions"},"message":"[runtime-status] [15992] Checked functions.config() {\"config\":{}}"}}
[debug] [2022-02-01T19:07:53.825Z] [runtime-status] [15992] firebase-functions has been stubbed. {"functionsResolution":{"declared":true,"installed":true,"version":"3.16.0","resolution":"C:\\amazone-clone\\functions\\node_modules\\firebase-functions\\lib\\index.js"}} {"metadata":{"emulator":{"name":"functions"},"message":"[runtime-status] [15992] firebase-functions has been stubbed. {\"functionsResolution\":{\"declared\":true,\"installed\":true,\"version\":\"3.16.0\",\"resolution\":\"C:\\\\amazone-clone\\\\functions\\\\node_modules\\\\firebase-functions\\\\lib\\\\index.js\"}}"}}
[debug] [2022-02-01T19:07:53.827Z] [runtime-status] [15992] Resolved module firebase-functions {"declared":true,"installed":true,"version":"3.16.0","resolution":"C:\\amazone-clone\\functions\\node_modules\\firebase-functions\\lib\\index.js"} {"metadata":{"emulator":{"name":"functions"},"message":"[runtime-status] [15992] Resolved module firebase-functions {\"declared\":true,\"installed\":true,\"version\":\"3.16.0\",\"resolution\":\"C:\\\\amazone-clone\\\\functions\\\\node_modules\\\\firebase-functions\\\\lib\\\\index.js\"}"}}
[debug] [2022-02-01T19:07:53.829Z] [runtime-status] [15992] Resolved module firebase-admin {"declared":true,"installed":true,"version":"9.12.0","resolution":"C:\\amazone-clone\\functions\\node_modules\\firebase-admin\\lib\\index.js"} {"metadata":{"emulator":{"name":"functions"},"message":"[runtime-status] [15992] Resolved module firebase-admin {\"declared\":true,\"installed\":true,\"version\":\"9.12.0\",\"resolution\":\"C:\\\\amazone-clone\\\\functions\\\\node_modules\\\\firebase-admin\\\\lib\\\\index.js\"}"}}
[debug] [2022-02-01T19:07:53.831Z] [runtime-status] [15992] Resolved module firebase-functions {"declared":true,"installed":true,"version":"3.16.0","resolution":"C:\\amazone-clone\\functions\\node_modules\\firebase-functions\\lib\\index.js"} {"metadata":{"emulator":{"name":"functions"},"message":"[runtime-status] [15992] Resolved module firebase-functions {\"declared\":true,\"installed\":true,\"version\":\"3.16.0\",\"resolution\":\"C:\\\\amazone-clone\\\\functions\\\\node_modules\\\\firebase-functions\\\\lib\\\\index.js\"}"}}
[debug] [2022-02-01T19:07:53.831Z] [runtime-status] [15992] firebase-admin has been stubbed. {"adminResolution":{"declared":true,"installed":true,"version":"9.12.0","resolution":"C:\\amazone-clone\\functions\\node_modules\\firebase-admin\\lib\\index.js"}} {"metadata":{"emulator":{"name":"functions"},"message":"[runtime-status] [15992] firebase-admin has been stubbed. {\"adminResolution\":{\"declared\":true,\"installed\":true,\"version\":\"9.12.0\",\"resolution\":\"C:\\\\amazone-clone\\\\functions\\\\node_modules\\\\firebase-admin\\\\lib\\\\index.js\"}}"}}
[debug] [2022-02-01T19:07:54.122Z] [worker-~diagnostic~-11f0df4e-0fd1-477b-900f-e14780afa5c9]: IDLE {"metadata":{"emulator":{"name":"functions"},"message":"[worker-~diagnostic~-11f0df4e-0fd1-477b-900f-e14780afa5c9]: IDLE"}}
[debug] [2022-02-01T19:14:30.200Z] File C:\amazone-clone\functions\index.js changed, reloading triggers {"metadata":{"emulator":{"name":"functions"},"message":"File C:\\amazone-clone\\functions\\index.js changed, reloading triggers"}}
[debug] [2022-02-01T19:14:31.215Z] [worker-pool] Shutting down IDLE worker (~diagnostic~) {"metadata":{"emulator":{"name":"functions"},"message":"[worker-pool] Shutting down IDLE worker (~diagnostic~)"}}
[debug] [2022-02-01T19:14:31.215Z] [worker-~diagnostic~-11f0df4e-0fd1-477b-900f-e14780afa5c9]: FINISHING {"metadata":{"emulator":{"name":"functions"},"message":"[worker-~diagnostic~-11f0df4e-0fd1-477b-900f-e14780afa5c9]: FINISHING"}}
[debug] [2022-02-01T19:14:31.215Z] [worker-pool] Cleaned up workers for ~diagnostic~: 2 --> 1 {"metadata":{"emulator":{"name":"functions"},"message":"[worker-pool] Cleaned up workers for ~diagnostic~: 2 --> 1"}}
[debug] [2022-02-01T19:14:31.252Z] [worker-pool] addWorker(~diagnostic~) {"metadata":{"emulator":{"name":"functions"},"message":"[worker-pool] addWorker(~diagnostic~)"}}
[debug] [2022-02-01T19:14:31.252Z] [worker-pool] Adding worker with key ~diagnostic~, total=2 {"metadata":{"emulator":{"name":"functions"},"message":"[worker-pool] Adding worker with key ~diagnostic~, total=2"}}
[debug] [2022-02-01T19:14:31.252Z] [worker-pool] submitWork(triggerId=) {"metadata":{"emulator":{"name":"functions"},"message":"[worker-pool] submitWork(triggerId=)"}}
[debug] [2022-02-01T19:14:31.252Z] [worker-~diagnostic~-933bd4a8-032c-4d24-a7ef-6c38799ca847]: Assigning socketPath: \\?\pipe\C:\amazone-clone\functions\3948 {"metadata":{"emulator":{"name":"functions"},"message":"[worker-~diagnostic~-933bd4a8-032c-4d24-a7ef-6c38799ca847]: Assigning socketPath: \\\\?\\pipe\\C:\\amazone-clone\\functions\\3948"}}
[debug] [2022-02-01T19:14:31.252Z] [worker-~diagnostic~-933bd4a8-032c-4d24-a7ef-6c38799ca847]: BUSY {"metadata":{"emulator":{"name":"functions"},"message":"[worker-~diagnostic~-933bd4a8-032c-4d24-a7ef-6c38799ca847]: BUSY"}}
[debug] [2022-02-01T19:14:31.262Z] [worker-~diagnostic~-11f0df4e-0fd1-477b-900f-e14780afa5c9]: exited {"metadata":{"emulator":{"name":"functions"},"message":"[worker-~diagnostic~-11f0df4e-0fd1-477b-900f-e14780afa5c9]: exited"}}
[debug] [2022-02-01T19:14:31.263Z] [worker-~diagnostic~-11f0df4e-0fd1-477b-900f-e14780afa5c9]: FINISHED {"metadata":{"emulator":{"name":"functions"},"message":"[worker-~diagnostic~-11f0df4e-0fd1-477b-900f-e14780afa5c9]: FINISHED"}}
[debug] [2022-02-01T19:14:31.548Z] [runtime-status] [3948] Functions runtime initialized. {"cwd":"C:\\amazone-clone\\functions","node_version":"16.13.2"} {"metadata":{"emulator":{"name":"functions"},"message":"[runtime-status] [3948] Functions runtime initialized. {\"cwd\":\"C:\\\\amazone-clone\\\\functions\",\"node_version\":\"16.13.2\"}"}}
[debug] [2022-02-01T19:14:31.549Z] [runtime-status] [3948] Disabled runtime features: undefined {"metadata":{"emulator":{"name":"functions"},"message":"[runtime-status] [3948] Disabled runtime features: undefined"}}
[debug] [2022-02-01T19:14:31.554Z] [runtime-status] [3948] Resolved module firebase-admin {"declared":true,"installed":true,"version":"9.12.0","resolution":"C:\\amazone-clone\\functions\\node_modules\\firebase-admin\\lib\\index.js"} {"metadata":{"emulator":{"name":"functions"},"message":"[runtime-status] [3948] Resolved module firebase-admin {\"declared\":true,\"installed\":true,\"version\":\"9.12.0\",\"resolution\":\"C:\\\\amazone-clone\\\\functions\\\\node_modules\\\\firebase-admin\\\\lib\\\\index.js\"}"}}
[debug] [2022-02-01T19:14:31.558Z] [runtime-status] [3948] Resolved module firebase-functions {"declared":true,"installed":true,"version":"3.16.0","resolution":"C:\\amazone-clone\\functions\\node_modules\\firebase-functions\\lib\\index.js"} {"metadata":{"emulator":{"name":"functions"},"message":"[runtime-status] [3948] Resolved module firebase-functions {\"declared\":true,\"installed\":true,\"version\":\"3.16.0\",\"resolution\":\"C:\\\\amazone-clone\\\\functions\\\\node_modules\\\\firebase-functions\\\\lib\\\\index.js\"}"}}
[debug] [2022-02-01T19:14:31.560Z] [runtime-status] [3948] Outgoing network have been stubbed. [{"name":"http","status":"mocked"},{"name":"http","status":"mocked"},{"name":"https","status":"mocked"},{"name":"https","status":"mocked"},{"name":"net","status":"mocked"}] {"metadata":{"emulator":{"name":"functions"},"message":"[runtime-status] [3948] Outgoing network have been stubbed. [{\"name\":\"http\",\"status\":\"mocked\"},{\"name\":\"http\",\"status\":\"mocked\"},{\"name\":\"https\",\"status\":\"mocked\"},{\"name\":\"https\",\"status\":\"mocked\"},{\"name\":\"net\",\"status\":\"mocked\"}]"}}
[debug] [2022-02-01T19:14:31.563Z] [runtime-status] [3948] Resolved module firebase-functions {"declared":true,"installed":true,"version":"3.16.0","resolution":"C:\\amazone-clone\\functions\\node_modules\\firebase-functions\\lib\\index.js"} {"metadata":{"emulator":{"name":"functions"},"message":"[runtime-status] [3948] Resolved module firebase-functions {\"declared\":true,\"installed\":true,\"version\":\"3.16.0\",\"resolution\":\"C:\\\\amazone-clone\\\\functions\\\\node_modules\\\\firebase-functions\\\\lib\\\\index.js\"}"}}
[debug] [2022-02-01T19:14:31.648Z] [runtime-status] [3948] Checked functions.config() {"config":{}} {"metadata":{"emulator":{"name":"functions"},"message":"[runtime-status] [3948] Checked functions.config() {\"config\":{}}"}}
[debug] [2022-02-01T19:14:31.648Z] [runtime-status] [3948] firebase-functions has been stubbed. {"functionsResolution":{"declared":true,"installed":true,"version":"3.16.0","resolution":"C:\\amazone-clone\\functions\\node_modules\\firebase-functions\\lib\\index.js"}} {"metadata":{"emulator":{"name":"functions"},"message":"[runtime-status] [3948] firebase-functions has been stubbed. {\"functionsResolution\":{\"declared\":true,\"installed\":true,\"version\":\"3.16.0\",\"resolution\":\"C:\\\\amazone-clone\\\\functions\\\\node_modules\\\\firebase-functions\\\\lib\\\\index.js\"}}"}}
[debug] [2022-02-01T19:14:31.649Z] [runtime-status] [3948] Resolved module firebase-functions {"declared":true,"installed":true,"version":"3.16.0","resolution":"C:\\amazone-clone\\functions\\node_modules\\firebase-functions\\lib\\index.js"} {"metadata":{"emulator":{"name":"functions"},"message":"[runtime-status] [3948] Resolved module firebase-functions {\"declared\":true,\"installed\":true,\"version\":\"3.16.0\",\"resolution\":\"C:\\\\amazone-clone\\\\functions\\\\node_modules\\\\firebase-functions\\\\lib\\\\index.js\"}"}}
[debug] [2022-02-01T19:14:31.656Z] [runtime-status] [3948] Resolved module firebase-admin {"declared":true,"installed":true,"version":"9.12.0","resolution":"C:\\amazone-clone\\functions\\node_modules\\firebase-admin\\lib\\index.js"} {"metadata":{"emulator":{"name":"functions"},"message":"[runtime-status] [3948] Resolved module firebase-admin {\"declared\":true,\"installed\":true,\"version\":\"9.12.0\",\"resolution\":\"C:\\\\amazone-clone\\\\functions\\\\node_modules\\\\firebase-admin\\\\lib\\\\index.js\"}"}}
[debug] [2022-02-01T19:14:31.656Z] [runtime-status] [3948] Resolved module firebase-functions {"declared":true,"installed":true,"version":"3.16.0","resolution":"C:\\amazone-clone\\functions\\node_modules\\firebase-functions\\lib\\index.js"} {"metadata":{"emulator":{"name":"functions"},"message":"[runtime-status] [3948] Resolved module firebase-functions {\"declared\":true,\"installed\":true,\"version\":\"3.16.0\",\"resolution\":\"C:\\\\amazone-clone\\\\functions\\\\node_modules\\\\firebase-functions\\\\lib\\\\index.js\"}"}}
[debug] [2022-02-01T19:14:31.656Z] [runtime-status] [3948] firebase-admin has been stubbed. {"adminResolution":{"declared":true,"installed":true,"version":"9.12.0","resolution":"C:\\amazone-clone\\functions\\node_modules\\firebase-admin\\lib\\index.js"}} {"metadata":{"emulator":{"name":"functions"},"message":"[runtime-status] [3948] firebase-admin has been stubbed. {\"adminResolution\":{\"declared\":true,\"installed\":true,\"version\":\"9.12.0\",\"resolution\":\"C:\\\\amazone-clone\\\\functions\\\\node_modules\\\\firebase-admin\\\\lib\\\\index.js\"}}"}}
[debug] [2022-02-01T19:14:32.067Z] [worker-~diagnostic~-933bd4a8-032c-4d24-a7ef-6c38799ca847]: IDLE {"metadata":{"emulator":{"name":"functions"},"message":"[worker-~diagnostic~-933bd4a8-032c-4d24-a7ef-6c38799ca847]: IDLE"}}
